<?xml version="1.0" encoding="UTF-8"?>
<!-- Generated by org.testng.reporters.JUnitReportReporter -->
<testsuite skipped="0" hostname="SPBLRLAP270" name="com.ravi.package1.Demo" tests="1" failures="0" timestamp="08 Jul 2019 15:28:22 GMT" time="0.007" errors="0">
  <testcase name="f" time="0.007" classname="com.ravi.package1.Demo"/>
</testsuite> <!-- com.ravi.package1.Demo -->
