<?xml version="1.0" encoding="UTF-8"?>
<!-- Generated by org.testng.reporters.JUnitReportReporter -->
<testsuite skipped="0" hostname="SPBLRLAP270" name="com.ravi.package1.Demo" tests="1" failures="0" timestamp="03 Mar 2020 09:20:50 GMT" time="15.989" errors="0">
  <testcase name="f" time="15.989" classname="com.ravi.package1.Demo"/>
</testsuite> <!-- com.ravi.package1.Demo -->
