<?xml version="1.0" encoding="UTF-8"?>
<!-- Generated by org.testng.reporters.JUnitReportReporter -->
<testsuite hostname="SPBLRLAP270" name="com.ravi.package1.Demo" tests="1" failures="0" timestamp="9 Jul 2019 09:37:25 GMT" time="0.009" errors="0">
  <testcase name="f" time="0.009" classname="com.ravi.package1.Demo"/>
</testsuite> <!-- com.ravi.package1.Demo -->
